[0.007s] Invoking command in '/home/lhope/d2lros2/chapt2/chapt2_ws/build/example_cpp': CMAKE_PREFIX_PATH=/opt/ros/humble /usr/bin/cmake /home/lhope/d2lros2/chapt2/chapt2_ws/src/example_cpp -DCMAKE_INSTALL_PREFIX=/home/lhope/d2lros2/chapt2/chapt2_ws/install/example_cpp
[0.050s] -- The C compiler identification is GNU 11.3.0
[0.087s] -- The CXX compiler identification is GNU 11.3.0
[0.091s] -- Detecting C compiler ABI info
[0.123s] -- Detecting C compiler ABI info - done
[0.126s] -- Check for working C compiler: /usr/bin/cc - skipped
[0.129s] -- Detecting C compile features
[0.129s] -- Detecting C compile features - done
[0.131s] -- Detecting CXX compiler ABI info
[0.164s] -- Detecting CXX compiler ABI info - done
[0.169s] -- Check for working CXX compiler: /usr/bin/c++ - skipped
[0.169s] -- Detecting CXX compile features
[0.169s] -- Detecting CXX compile features - done
[0.173s] -- Found ament_cmake: 1.3.4 (/opt/ros/humble/share/ament_cmake/cmake)
[0.254s] -- Found Python3: /usr/bin/python3.10 (found version "3.10.6") found components: Interpreter 
[0.295s] -- Found rclcpp: 16.0.4 (/opt/ros/humble/share/rclcpp/cmake)
[0.322s] -- Found rosidl_generator_c: 3.1.4 (/opt/ros/humble/share/rosidl_generator_c/cmake)
[0.324s] -- Found rosidl_adapter: 3.1.4 (/opt/ros/humble/share/rosidl_adapter/cmake)
[0.329s] -- Found rosidl_generator_cpp: 3.1.4 (/opt/ros/humble/share/rosidl_generator_cpp/cmake)
[0.338s] -- Using all available rosidl_typesupport_c: rosidl_typesupport_fastrtps_c;rosidl_typesupport_introspection_c
[0.348s] -- Using all available rosidl_typesupport_cpp: rosidl_typesupport_fastrtps_cpp;rosidl_typesupport_introspection_cpp
[0.385s] -- Found rmw_implementation_cmake: 6.1.1 (/opt/ros/humble/share/rmw_implementation_cmake/cmake)
[0.387s] -- Found rmw_fastrtps_cpp: 6.2.2 (/opt/ros/humble/share/rmw_fastrtps_cpp/cmake)
[0.432s] -- Found OpenSSL: /usr/lib/x86_64-linux-gnu/libcrypto.so (found version "3.0.2")  
[0.449s] -- Found FastRTPS: /opt/ros/humble/include  
[0.469s] -- Using RMW implementation 'rmw_fastrtps_cpp' as default
[0.474s] -- Looking for pthread.h
[0.506s] -- Looking for pthread.h - found
[0.507s] -- Performing Test CMAKE_HAVE_LIBC_PTHREAD
[0.537s] -- Performing Test CMAKE_HAVE_LIBC_PTHREAD - Success
[0.537s] -- Found Threads: TRUE  
[0.622s] -- Found ament_lint_auto: 0.12.6 (/opt/ros/humble/share/ament_lint_auto/cmake)
[0.658s] -- Added test 'cppcheck' to perform static code analysis on C / C++ code
[0.658s] -- Configured cppcheck include dirs: 
[0.658s] -- Configured cppcheck exclude dirs and/or files: 
[0.658s] -- Added test 'lint_cmake' to check CMake code style
[0.659s] -- Added test 'uncrustify' to check C / C++ code style
[0.659s] -- Configured uncrustify additional arguments: 
[0.659s] -- Added test 'xmllint' to check XML markup files
[0.660s] -- Configuring done
[0.663s] -- Generating done
[0.664s] -- Build files have been written to: /home/lhope/d2lros2/chapt2/chapt2_ws/build/example_cpp
[0.668s] Invoked command in '/home/lhope/d2lros2/chapt2/chapt2_ws/build/example_cpp' returned '0': CMAKE_PREFIX_PATH=/opt/ros/humble /usr/bin/cmake /home/lhope/d2lros2/chapt2/chapt2_ws/src/example_cpp -DCMAKE_INSTALL_PREFIX=/home/lhope/d2lros2/chapt2/chapt2_ws/install/example_cpp
[0.669s] Invoking command in '/home/lhope/d2lros2/chapt2/chapt2_ws/build/example_cpp': CMAKE_PREFIX_PATH=/opt/ros/humble /usr/bin/cmake --build /home/lhope/d2lros2/chapt2/chapt2_ws/build/example_cpp -- -j20 -l20
[0.688s] [ 50%] [32mBuilding CXX object CMakeFiles/node_01.dir/src/node_01.cpp.o[0m
[1.878s] [100%] [32m[1mLinking CXX executable node_01[0m
[1.934s] [100%] Built target node_01
[1.938s] Invoked command in '/home/lhope/d2lros2/chapt2/chapt2_ws/build/example_cpp' returned '0': CMAKE_PREFIX_PATH=/opt/ros/humble /usr/bin/cmake --build /home/lhope/d2lros2/chapt2/chapt2_ws/build/example_cpp -- -j20 -l20
[1.950s] Invoking command in '/home/lhope/d2lros2/chapt2/chapt2_ws/build/example_cpp': CMAKE_PREFIX_PATH=/opt/ros/humble /usr/bin/cmake --install /home/lhope/d2lros2/chapt2/chapt2_ws/build/example_cpp
[1.953s] -- Install configuration: ""
[1.953s] -- Installing: /home/lhope/d2lros2/chapt2/chapt2_ws/install/example_cpp/share/ament_index/resource_index/package_run_dependencies/example_cpp
[1.953s] -- Installing: /home/lhope/d2lros2/chapt2/chapt2_ws/install/example_cpp/share/ament_index/resource_index/parent_prefix_path/example_cpp
[1.953s] -- Installing: /home/lhope/d2lros2/chapt2/chapt2_ws/install/example_cpp/share/example_cpp/environment/ament_prefix_path.sh
[1.953s] -- Installing: /home/lhope/d2lros2/chapt2/chapt2_ws/install/example_cpp/share/example_cpp/environment/ament_prefix_path.dsv
[1.953s] -- Installing: /home/lhope/d2lros2/chapt2/chapt2_ws/install/example_cpp/share/example_cpp/environment/path.sh
[1.953s] -- Installing: /home/lhope/d2lros2/chapt2/chapt2_ws/install/example_cpp/share/example_cpp/environment/path.dsv
[1.953s] -- Installing: /home/lhope/d2lros2/chapt2/chapt2_ws/install/example_cpp/share/example_cpp/local_setup.bash
[1.953s] -- Installing: /home/lhope/d2lros2/chapt2/chapt2_ws/install/example_cpp/share/example_cpp/local_setup.sh
[1.953s] -- Installing: /home/lhope/d2lros2/chapt2/chapt2_ws/install/example_cpp/share/example_cpp/local_setup.zsh
[1.953s] -- Installing: /home/lhope/d2lros2/chapt2/chapt2_ws/install/example_cpp/share/example_cpp/local_setup.dsv
[1.953s] -- Installing: /home/lhope/d2lros2/chapt2/chapt2_ws/install/example_cpp/share/example_cpp/package.dsv
[1.954s] -- Installing: /home/lhope/d2lros2/chapt2/chapt2_ws/install/example_cpp/share/ament_index/resource_index/packages/example_cpp
[1.954s] -- Installing: /home/lhope/d2lros2/chapt2/chapt2_ws/install/example_cpp/share/example_cpp/cmake/example_cppConfig.cmake
[1.954s] -- Installing: /home/lhope/d2lros2/chapt2/chapt2_ws/install/example_cpp/share/example_cpp/cmake/example_cppConfig-version.cmake
[1.954s] -- Installing: /home/lhope/d2lros2/chapt2/chapt2_ws/install/example_cpp/share/example_cpp/package.xml
[1.954s] -- Installing: /home/lhope/d2lros2/chapt2/chapt2_ws/install/example_cpp/lib/example_cpp/node_01
[1.954s] -- Set runtime path of "/home/lhope/d2lros2/chapt2/chapt2_ws/install/example_cpp/lib/example_cpp/node_01" to ""
[1.955s] Invoked command in '/home/lhope/d2lros2/chapt2/chapt2_ws/build/example_cpp' returned '0': CMAKE_PREFIX_PATH=/opt/ros/humble /usr/bin/cmake --install /home/lhope/d2lros2/chapt2/chapt2_ws/build/example_cpp
