[0.129s] DEBUG:colcon:Command line arguments: ['/usr/bin/colcon', 'build', '--packages-select', 'example_cpp']
[0.129s] DEBUG:colcon:Parsed command line arguments: Namespace(log_base=None, log_level=None, verb_name='build', build_base='build', install_base='install', merge_install=False, symlink_install=False, test_result_base=None, continue_on_error=False, executor='parallel', parallel_workers=20, event_handlers=None, ignore_user_meta=False, metas=['./colcon.meta'], base_paths=['.'], packages_ignore=None, packages_ignore_regex=None, paths=None, packages_up_to=None, packages_up_to_regex=None, packages_above=None, packages_above_and_dependencies=None, packages_above_depth=None, packages_select_by_dep=None, packages_skip_by_dep=None, packages_skip_up_to=None, packages_select_build_failed=False, packages_skip_build_finished=False, packages_select_test_failures=False, packages_skip_test_passed=False, packages_select=['example_cpp'], packages_skip=None, packages_select_regex=None, packages_skip_regex=None, packages_start=None, packages_end=None, allow_overriding=[], cmake_args=None, cmake_target=None, cmake_target_skip_unavailable=False, cmake_clean_cache=False, cmake_clean_first=False, cmake_force_configure=False, ament_cmake_args=None, catkin_cmake_args=None, catkin_skip_building_tests=False, verb_parser=<colcon_defaults.argument_parser.defaults.DefaultArgumentsDecorator object at 0x7f980aa597e0>, verb_extension=<colcon_core.verb.build.BuildVerb object at 0x7f980b27a8f0>, main=<bound method BuildVerb.main of <colcon_core.verb.build.BuildVerb object at 0x7f980b27a8f0>>)
[0.144s] Level 1:colcon.colcon_core.package_discovery:discover_packages(colcon_meta) check parameters
[0.144s] Level 1:colcon.colcon_core.package_discovery:discover_packages(recursive) check parameters
[0.144s] Level 1:colcon.colcon_core.package_discovery:discover_packages(ignore) check parameters
[0.144s] Level 1:colcon.colcon_core.package_discovery:discover_packages(path) check parameters
[0.144s] Level 1:colcon.colcon_core.package_discovery:discover_packages(colcon_meta) discover
[0.144s] Level 1:colcon.colcon_core.package_discovery:discover_packages(recursive) discover
[0.144s] INFO:colcon.colcon_core.package_discovery:Crawling recursively for packages in '/home/lhope/d2lros2/chapt2/chapt2_ws'
[0.144s] Level 1:colcon.colcon_core.package_identification:_identify(.) by extensions ['ignore', 'ignore_ament_install']
[0.144s] Level 1:colcon.colcon_core.package_identification:_identify(.) by extension 'ignore'
[0.144s] Level 1:colcon.colcon_core.package_identification:_identify(.) by extension 'ignore_ament_install'
[0.144s] Level 1:colcon.colcon_core.package_identification:_identify(.) by extensions ['colcon_pkg']
[0.144s] Level 1:colcon.colcon_core.package_identification:_identify(.) by extension 'colcon_pkg'
[0.144s] Level 1:colcon.colcon_core.package_identification:_identify(.) by extensions ['colcon_meta']
[0.144s] Level 1:colcon.colcon_core.package_identification:_identify(.) by extension 'colcon_meta'
[0.144s] Level 1:colcon.colcon_core.package_identification:_identify(.) by extensions ['ros']
[0.144s] Level 1:colcon.colcon_core.package_identification:_identify(.) by extension 'ros'
[0.150s] Level 1:colcon.colcon_core.package_identification:_identify(.) by extensions ['cmake', 'python']
[0.150s] Level 1:colcon.colcon_core.package_identification:_identify(.) by extension 'cmake'
[0.150s] Level 1:colcon.colcon_core.package_identification:_identify(.) by extension 'python'
[0.150s] Level 1:colcon.colcon_core.package_identification:_identify(.) by extensions ['python_setup_py']
[0.150s] Level 1:colcon.colcon_core.package_identification:_identify(.) by extension 'python_setup_py'
[0.150s] Level 1:colcon.colcon_core.package_identification:_identify(build) by extensions ['ignore', 'ignore_ament_install']
[0.150s] Level 1:colcon.colcon_core.package_identification:_identify(build) by extension 'ignore'
[0.150s] Level 1:colcon.colcon_core.package_identification:_identify(build) ignored
[0.150s] Level 1:colcon.colcon_core.package_identification:_identify(install) by extensions ['ignore', 'ignore_ament_install']
[0.150s] Level 1:colcon.colcon_core.package_identification:_identify(install) by extension 'ignore'
[0.150s] Level 1:colcon.colcon_core.package_identification:_identify(install) ignored
[0.150s] Level 1:colcon.colcon_core.package_identification:_identify(log) by extensions ['ignore', 'ignore_ament_install']
[0.150s] Level 1:colcon.colcon_core.package_identification:_identify(log) by extension 'ignore'
[0.150s] Level 1:colcon.colcon_core.package_identification:_identify(log) ignored
[0.150s] Level 1:colcon.colcon_core.package_identification:_identify(src) by extensions ['ignore', 'ignore_ament_install']
[0.150s] Level 1:colcon.colcon_core.package_identification:_identify(src) by extension 'ignore'
[0.150s] Level 1:colcon.colcon_core.package_identification:_identify(src) by extension 'ignore_ament_install'
[0.150s] Level 1:colcon.colcon_core.package_identification:_identify(src) by extensions ['colcon_pkg']
[0.150s] Level 1:colcon.colcon_core.package_identification:_identify(src) by extension 'colcon_pkg'
[0.150s] Level 1:colcon.colcon_core.package_identification:_identify(src) by extensions ['colcon_meta']
[0.150s] Level 1:colcon.colcon_core.package_identification:_identify(src) by extension 'colcon_meta'
[0.150s] Level 1:colcon.colcon_core.package_identification:_identify(src) by extensions ['ros']
[0.150s] Level 1:colcon.colcon_core.package_identification:_identify(src) by extension 'ros'
[0.151s] Level 1:colcon.colcon_core.package_identification:_identify(src) by extensions ['cmake', 'python']
[0.151s] Level 1:colcon.colcon_core.package_identification:_identify(src) by extension 'cmake'
[0.151s] Level 1:colcon.colcon_core.package_identification:_identify(src) by extension 'python'
[0.151s] Level 1:colcon.colcon_core.package_identification:_identify(src) by extensions ['python_setup_py']
[0.151s] Level 1:colcon.colcon_core.package_identification:_identify(src) by extension 'python_setup_py'
[0.151s] Level 1:colcon.colcon_core.package_identification:_identify(src/example_cpp) by extensions ['ignore', 'ignore_ament_install']
[0.151s] Level 1:colcon.colcon_core.package_identification:_identify(src/example_cpp) by extension 'ignore'
[0.151s] Level 1:colcon.colcon_core.package_identification:_identify(src/example_cpp) by extension 'ignore_ament_install'
[0.151s] Level 1:colcon.colcon_core.package_identification:_identify(src/example_cpp) by extensions ['colcon_pkg']
[0.151s] Level 1:colcon.colcon_core.package_identification:_identify(src/example_cpp) by extension 'colcon_pkg'
[0.151s] Level 1:colcon.colcon_core.package_identification:_identify(src/example_cpp) by extensions ['colcon_meta']
[0.151s] Level 1:colcon.colcon_core.package_identification:_identify(src/example_cpp) by extension 'colcon_meta'
[0.151s] Level 1:colcon.colcon_core.package_identification:_identify(src/example_cpp) by extensions ['ros']
[0.151s] Level 1:colcon.colcon_core.package_identification:_identify(src/example_cpp) by extension 'ros'
[0.153s] DEBUG:colcon.colcon_core.package_identification:Package 'src/example_cpp' with type 'ros.ament_cmake' and name 'example_cpp'
[0.153s] Level 1:colcon.colcon_core.package_discovery:discover_packages(recursive) using defaults
[0.153s] Level 1:colcon.colcon_core.package_discovery:discover_packages(ignore) discover
[0.153s] Level 1:colcon.colcon_core.package_discovery:discover_packages(ignore) using defaults
[0.153s] Level 1:colcon.colcon_core.package_discovery:discover_packages(path) discover
[0.153s] Level 1:colcon.colcon_core.package_discovery:discover_packages(path) using defaults
[0.164s] Level 1:colcon.colcon_core.package_discovery:discover_packages(prefix_path) check parameters
[0.164s] Level 1:colcon.colcon_core.package_discovery:discover_packages(prefix_path) discover
[0.165s] DEBUG:colcon.colcon_installed_package_information.package_discovery:Found 1 installed packages in /home/lhope/d2lros2/chapt2/chapt2_ws/install
[0.165s] DEBUG:colcon.colcon_installed_package_information.package_discovery:Found 284 installed packages in /opt/ros/humble
[0.166s] Level 1:colcon.colcon_core.package_discovery:discover_packages(prefix_path) using defaults
[0.193s] Level 5:colcon.colcon_core.verb:set package 'example_cpp' build argument 'cmake_args' from command line to 'None'
[0.193s] Level 5:colcon.colcon_core.verb:set package 'example_cpp' build argument 'cmake_target' from command line to 'None'
[0.193s] Level 5:colcon.colcon_core.verb:set package 'example_cpp' build argument 'cmake_target_skip_unavailable' from command line to 'False'
[0.193s] Level 5:colcon.colcon_core.verb:set package 'example_cpp' build argument 'cmake_clean_cache' from command line to 'False'
[0.193s] Level 5:colcon.colcon_core.verb:set package 'example_cpp' build argument 'cmake_clean_first' from command line to 'False'
[0.193s] Level 5:colcon.colcon_core.verb:set package 'example_cpp' build argument 'cmake_force_configure' from command line to 'False'
[0.193s] Level 5:colcon.colcon_core.verb:set package 'example_cpp' build argument 'ament_cmake_args' from command line to 'None'
[0.193s] Level 5:colcon.colcon_core.verb:set package 'example_cpp' build argument 'catkin_cmake_args' from command line to 'None'
[0.193s] Level 5:colcon.colcon_core.verb:set package 'example_cpp' build argument 'catkin_skip_building_tests' from command line to 'False'
[0.193s] DEBUG:colcon.colcon_core.verb:Building package 'example_cpp' with the following arguments: {'ament_cmake_args': None, 'build_base': '/home/lhope/d2lros2/chapt2/chapt2_ws/build/example_cpp', 'catkin_cmake_args': None, 'catkin_skip_building_tests': False, 'cmake_args': None, 'cmake_clean_cache': False, 'cmake_clean_first': False, 'cmake_force_configure': False, 'cmake_target': None, 'cmake_target_skip_unavailable': False, 'install_base': '/home/lhope/d2lros2/chapt2/chapt2_ws/install/example_cpp', 'merge_install': False, 'path': '/home/lhope/d2lros2/chapt2/chapt2_ws/src/example_cpp', 'symlink_install': False, 'test_result_base': None}
[0.193s] INFO:colcon.colcon_core.executor:Executing jobs using 'parallel' executor
[0.195s] DEBUG:colcon.colcon_parallel_executor.executor.parallel:run_until_complete
[0.195s] INFO:colcon.colcon_ros.task.ament_cmake.build:Building ROS package in '/home/lhope/d2lros2/chapt2/chapt2_ws/src/example_cpp' with build type 'ament_cmake'
[0.195s] INFO:colcon.colcon_cmake.task.cmake.build:Building CMake package in '/home/lhope/d2lros2/chapt2/chapt2_ws/src/example_cpp'
[0.197s] INFO:colcon.colcon_core.plugin_system:Skipping extension 'colcon_core.shell.bat': Not used on non-Windows systems
[0.197s] INFO:colcon.colcon_core.shell:Skip shell extension 'powershell' for command environment: Not usable outside of PowerShell
[0.197s] DEBUG:colcon.colcon_core.shell:Skip shell extension 'dsv' for command environment
[0.203s] DEBUG:colcon.colcon_core.event_handler.log_command:Invoking command in '/home/lhope/d2lros2/chapt2/chapt2_ws/build/example_cpp': CMAKE_PREFIX_PATH=${CMAKE_PREFIX_PATH}:/opt/ros/humble /usr/bin/cmake --build /home/lhope/d2lros2/chapt2/chapt2_ws/build/example_cpp -- -j20 -l20
[1.422s] DEBUG:colcon.colcon_core.event_handler.log_command:Invoked command in '/home/lhope/d2lros2/chapt2/chapt2_ws/build/example_cpp' returned '0': CMAKE_PREFIX_PATH=${CMAKE_PREFIX_PATH}:/opt/ros/humble /usr/bin/cmake --build /home/lhope/d2lros2/chapt2/chapt2_ws/build/example_cpp -- -j20 -l20
[1.434s] DEBUG:colcon.colcon_core.event_handler.log_command:Invoking command in '/home/lhope/d2lros2/chapt2/chapt2_ws/build/example_cpp': CMAKE_PREFIX_PATH=${CMAKE_PREFIX_PATH}:/opt/ros/humble /usr/bin/cmake --install /home/lhope/d2lros2/chapt2/chapt2_ws/build/example_cpp
[1.438s] Level 1:colcon.colcon_core.environment:create_environment_scripts_only(example_cpp)
[1.438s] DEBUG:colcon.colcon_core.event_handler.log_command:Invoked command in '/home/lhope/d2lros2/chapt2/chapt2_ws/build/example_cpp' returned '0': CMAKE_PREFIX_PATH=${CMAKE_PREFIX_PATH}:/opt/ros/humble /usr/bin/cmake --install /home/lhope/d2lros2/chapt2/chapt2_ws/build/example_cpp
[1.440s] Level 1:colcon.colcon_core.environment:checking '/home/lhope/d2lros2/chapt2/chapt2_ws/install/example_cpp' for CMake module files
[1.440s] Level 1:colcon.colcon_core.environment:checking '/home/lhope/d2lros2/chapt2/chapt2_ws/install/example_cpp' for CMake config files
[1.440s] Level 1:colcon.colcon_core.shell:create_environment_hook('example_cpp', 'cmake_prefix_path')
[1.441s] INFO:colcon.colcon_core.shell:Creating environment hook '/home/lhope/d2lros2/chapt2/chapt2_ws/install/example_cpp/share/example_cpp/hook/cmake_prefix_path.ps1'
[1.441s] INFO:colcon.colcon_core.shell:Creating environment descriptor '/home/lhope/d2lros2/chapt2/chapt2_ws/install/example_cpp/share/example_cpp/hook/cmake_prefix_path.dsv'
[1.441s] INFO:colcon.colcon_core.shell:Creating environment hook '/home/lhope/d2lros2/chapt2/chapt2_ws/install/example_cpp/share/example_cpp/hook/cmake_prefix_path.sh'
[1.442s] Level 1:colcon.colcon_core.environment:checking '/home/lhope/d2lros2/chapt2/chapt2_ws/install/example_cpp/lib'
[1.442s] Level 1:colcon.colcon_core.environment:checking '/home/lhope/d2lros2/chapt2/chapt2_ws/install/example_cpp/bin'
[1.442s] Level 1:colcon.colcon_core.environment:checking '/home/lhope/d2lros2/chapt2/chapt2_ws/install/example_cpp/lib/pkgconfig/example_cpp.pc'
[1.442s] Level 1:colcon.colcon_core.environment:checking '/home/lhope/d2lros2/chapt2/chapt2_ws/install/example_cpp/lib/python3.10/site-packages'
[1.442s] Level 1:colcon.colcon_core.environment:checking '/home/lhope/d2lros2/chapt2/chapt2_ws/install/example_cpp/bin'
[1.442s] INFO:colcon.colcon_core.shell:Creating package script '/home/lhope/d2lros2/chapt2/chapt2_ws/install/example_cpp/share/example_cpp/package.ps1'
[1.443s] INFO:colcon.colcon_core.shell:Creating package descriptor '/home/lhope/d2lros2/chapt2/chapt2_ws/install/example_cpp/share/example_cpp/package.dsv'
[1.443s] INFO:colcon.colcon_core.shell:Creating package script '/home/lhope/d2lros2/chapt2/chapt2_ws/install/example_cpp/share/example_cpp/package.sh'
[1.443s] INFO:colcon.colcon_core.shell:Creating package script '/home/lhope/d2lros2/chapt2/chapt2_ws/install/example_cpp/share/example_cpp/package.bash'
[1.443s] INFO:colcon.colcon_core.shell:Creating package script '/home/lhope/d2lros2/chapt2/chapt2_ws/install/example_cpp/share/example_cpp/package.zsh'
[1.444s] Level 1:colcon.colcon_core.environment:create_file_with_runtime_dependencies(/home/lhope/d2lros2/chapt2/chapt2_ws/install/example_cpp/share/colcon-core/packages/example_cpp)
[1.452s] Level 1:colcon.colcon_core.environment:create_environment_scripts_only(example_cpp)
[1.453s] Level 1:colcon.colcon_core.environment:checking '/home/lhope/d2lros2/chapt2/chapt2_ws/install/example_cpp' for CMake module files
[1.453s] Level 1:colcon.colcon_core.environment:checking '/home/lhope/d2lros2/chapt2/chapt2_ws/install/example_cpp' for CMake config files
[1.454s] Level 1:colcon.colcon_core.shell:create_environment_hook('example_cpp', 'cmake_prefix_path')
[1.454s] INFO:colcon.colcon_core.shell:Creating environment hook '/home/lhope/d2lros2/chapt2/chapt2_ws/install/example_cpp/share/example_cpp/hook/cmake_prefix_path.ps1'
[1.454s] INFO:colcon.colcon_core.shell:Creating environment descriptor '/home/lhope/d2lros2/chapt2/chapt2_ws/install/example_cpp/share/example_cpp/hook/cmake_prefix_path.dsv'
[1.454s] INFO:colcon.colcon_core.shell:Creating environment hook '/home/lhope/d2lros2/chapt2/chapt2_ws/install/example_cpp/share/example_cpp/hook/cmake_prefix_path.sh'
[1.455s] Level 1:colcon.colcon_core.environment:checking '/home/lhope/d2lros2/chapt2/chapt2_ws/install/example_cpp/lib'
[1.455s] Level 1:colcon.colcon_core.environment:checking '/home/lhope/d2lros2/chapt2/chapt2_ws/install/example_cpp/bin'
[1.455s] Level 1:colcon.colcon_core.environment:checking '/home/lhope/d2lros2/chapt2/chapt2_ws/install/example_cpp/lib/pkgconfig/example_cpp.pc'
[1.455s] Level 1:colcon.colcon_core.environment:checking '/home/lhope/d2lros2/chapt2/chapt2_ws/install/example_cpp/lib/python3.10/site-packages'
[1.455s] Level 1:colcon.colcon_core.environment:checking '/home/lhope/d2lros2/chapt2/chapt2_ws/install/example_cpp/bin'
[1.455s] INFO:colcon.colcon_core.shell:Creating package script '/home/lhope/d2lros2/chapt2/chapt2_ws/install/example_cpp/share/example_cpp/package.ps1'
[1.456s] INFO:colcon.colcon_core.shell:Creating package descriptor '/home/lhope/d2lros2/chapt2/chapt2_ws/install/example_cpp/share/example_cpp/package.dsv'
[1.456s] INFO:colcon.colcon_core.shell:Creating package script '/home/lhope/d2lros2/chapt2/chapt2_ws/install/example_cpp/share/example_cpp/package.sh'
[1.456s] INFO:colcon.colcon_core.shell:Creating package script '/home/lhope/d2lros2/chapt2/chapt2_ws/install/example_cpp/share/example_cpp/package.bash'
[1.456s] INFO:colcon.colcon_core.shell:Creating package script '/home/lhope/d2lros2/chapt2/chapt2_ws/install/example_cpp/share/example_cpp/package.zsh'
[1.456s] Level 1:colcon.colcon_core.environment:create_file_with_runtime_dependencies(/home/lhope/d2lros2/chapt2/chapt2_ws/install/example_cpp/share/colcon-core/packages/example_cpp)
[1.456s] DEBUG:colcon.colcon_parallel_executor.executor.parallel:closing loop
[1.456s] DEBUG:colcon.colcon_parallel_executor.executor.parallel:loop closed
[1.456s] DEBUG:colcon.colcon_parallel_executor.executor.parallel:run_until_complete finished with '0'
[1.456s] DEBUG:colcon.colcon_core.event_reactor:joining thread
[1.459s] INFO:colcon.colcon_core.plugin_system:Skipping extension 'colcon_notification.desktop_notification.terminal_notifier': Not used on non-Darwin systems
[1.459s] INFO:colcon.colcon_core.plugin_system:Skipping extension 'colcon_notification.desktop_notification.win32': Not used on non-Windows systems
[1.459s] INFO:colcon.colcon_notification.desktop_notification:Sending desktop notification using 'notify2'
[1.464s] DEBUG:colcon.colcon_core.event_reactor:joined thread
[1.465s] INFO:colcon.colcon_core.shell:Creating prefix script '/home/lhope/d2lros2/chapt2/chapt2_ws/install/local_setup.ps1'
[1.465s] INFO:colcon.colcon_core.shell:Creating prefix util module '/home/lhope/d2lros2/chapt2/chapt2_ws/install/_local_setup_util_ps1.py'
[1.466s] INFO:colcon.colcon_core.shell:Creating prefix chain script '/home/lhope/d2lros2/chapt2/chapt2_ws/install/setup.ps1'
[1.467s] INFO:colcon.colcon_core.shell:Creating prefix script '/home/lhope/d2lros2/chapt2/chapt2_ws/install/local_setup.sh'
[1.467s] INFO:colcon.colcon_core.shell:Creating prefix util module '/home/lhope/d2lros2/chapt2/chapt2_ws/install/_local_setup_util_sh.py'
[1.467s] INFO:colcon.colcon_core.shell:Creating prefix chain script '/home/lhope/d2lros2/chapt2/chapt2_ws/install/setup.sh'
[1.468s] INFO:colcon.colcon_core.shell:Creating prefix script '/home/lhope/d2lros2/chapt2/chapt2_ws/install/local_setup.bash'
[1.468s] INFO:colcon.colcon_core.shell:Creating prefix chain script '/home/lhope/d2lros2/chapt2/chapt2_ws/install/setup.bash'
[1.468s] INFO:colcon.colcon_core.shell:Creating prefix script '/home/lhope/d2lros2/chapt2/chapt2_ws/install/local_setup.zsh'
[1.468s] INFO:colcon.colcon_core.shell:Creating prefix chain script '/home/lhope/d2lros2/chapt2/chapt2_ws/install/setup.zsh'
