[0.007s] Invoking command in '/home/lhope/d2lros2/chapt2/chapt2_ws/build/example_cpp': CMAKE_PREFIX_PATH=${CMAKE_PREFIX_PATH}:/opt/ros/humble /usr/bin/cmake --build /home/lhope/d2lros2/chapt2/chapt2_ws/build/example_cpp -- -j20 -l20
[0.026s] [35m[1mConsolidate compiler generated dependencies of target node_03[0m
[0.034s] [ 50%] [32mBuilding CXX object CMakeFiles/node_03.dir/src/node_03.cpp.o[0m
[1.170s] [100%] [32m[1mLinking CXX executable node_03[0m
[1.216s] [100%] Built target node_03
[1.220s] Invoked command in '/home/lhope/d2lros2/chapt2/chapt2_ws/build/example_cpp' returned '0': CMAKE_PREFIX_PATH=${CMAKE_PREFIX_PATH}:/opt/ros/humble /usr/bin/cmake --build /home/lhope/d2lros2/chapt2/chapt2_ws/build/example_cpp -- -j20 -l20
[1.233s] Invoking command in '/home/lhope/d2lros2/chapt2/chapt2_ws/build/example_cpp': CMAKE_PREFIX_PATH=${CMAKE_PREFIX_PATH}:/opt/ros/humble /usr/bin/cmake --install /home/lhope/d2lros2/chapt2/chapt2_ws/build/example_cpp
[1.236s] -- Install configuration: ""
[1.236s] -- Up-to-date: /home/lhope/d2lros2/chapt2/chapt2_ws/install/example_cpp/share/ament_index/resource_index/package_run_dependencies/example_cpp
[1.236s] -- Installing: /home/lhope/d2lros2/chapt2/chapt2_ws/install/example_cpp/share/ament_index/resource_index/parent_prefix_path/example_cpp
[1.236s] -- Up-to-date: /home/lhope/d2lros2/chapt2/chapt2_ws/install/example_cpp/share/example_cpp/environment/ament_prefix_path.sh
[1.236s] -- Installing: /home/lhope/d2lros2/chapt2/chapt2_ws/install/example_cpp/share/example_cpp/environment/ament_prefix_path.dsv
[1.236s] -- Up-to-date: /home/lhope/d2lros2/chapt2/chapt2_ws/install/example_cpp/share/example_cpp/environment/path.sh
[1.236s] -- Installing: /home/lhope/d2lros2/chapt2/chapt2_ws/install/example_cpp/share/example_cpp/environment/path.dsv
[1.236s] -- Up-to-date: /home/lhope/d2lros2/chapt2/chapt2_ws/install/example_cpp/share/example_cpp/local_setup.bash
[1.236s] -- Up-to-date: /home/lhope/d2lros2/chapt2/chapt2_ws/install/example_cpp/share/example_cpp/local_setup.sh
[1.236s] -- Up-to-date: /home/lhope/d2lros2/chapt2/chapt2_ws/install/example_cpp/share/example_cpp/local_setup.zsh
[1.236s] -- Installing: /home/lhope/d2lros2/chapt2/chapt2_ws/install/example_cpp/share/example_cpp/local_setup.dsv
[1.236s] -- Installing: /home/lhope/d2lros2/chapt2/chapt2_ws/install/example_cpp/share/example_cpp/package.dsv
[1.236s] -- Up-to-date: /home/lhope/d2lros2/chapt2/chapt2_ws/install/example_cpp/share/ament_index/resource_index/packages/example_cpp
[1.236s] -- Up-to-date: /home/lhope/d2lros2/chapt2/chapt2_ws/install/example_cpp/share/example_cpp/cmake/example_cppConfig.cmake
[1.236s] -- Up-to-date: /home/lhope/d2lros2/chapt2/chapt2_ws/install/example_cpp/share/example_cpp/cmake/example_cppConfig-version.cmake
[1.236s] -- Up-to-date: /home/lhope/d2lros2/chapt2/chapt2_ws/install/example_cpp/share/example_cpp/package.xml
[1.236s] -- Installing: /home/lhope/d2lros2/chapt2/chapt2_ws/install/example_cpp/lib/example_cpp/node_03
[1.236s] -- Set runtime path of "/home/lhope/d2lros2/chapt2/chapt2_ws/install/example_cpp/lib/example_cpp/node_03" to ""
[1.238s] Invoked command in '/home/lhope/d2lros2/chapt2/chapt2_ws/build/example_cpp' returned '0': CMAKE_PREFIX_PATH=${CMAKE_PREFIX_PATH}:/opt/ros/humble /usr/bin/cmake --install /home/lhope/d2lros2/chapt2/chapt2_ws/build/example_cpp
